<?xml version="1.0" encoding="UTF-8"?>
<testsuite name="ru.netology.ChatServiceTest" tests="1" skipped="0" failures="0" errors="0" timestamp="2021-06-06T21:03:04" hostname="NARUTO" time="0.491">
  <properties/>
  <testcase name="deleteChat" classname="ru.netology.ChatServiceTest" time="0.491"/>
  <system-out><![CDATA[]]></system-out>
  <system-err><![CDATA[]]></system-err>
</testsuite>
