<?xml version="1.0" encoding="UTF-8"?>
<testsuite name="ru.netology.ChatServiceTest" tests="4" skipped="0" failures="0" errors="0" timestamp="2021-06-04T11:25:58" hostname="NARUTO" time="0.663">
  <properties/>
  <testcase name="addMessage" classname="ru.netology.ChatServiceTest" time="0.48"/>
  <testcase name="addChat" classname="ru.netology.ChatServiceTest" time="0.001"/>
  <testcase name="deleteMessage" classname="ru.netology.ChatServiceTest" time="0.175"/>
  <testcase name="deleteChat" classname="ru.netology.ChatServiceTest" time="0.005"/>
  <system-out><![CDATA[]]></system-out>
  <system-err><![CDATA[]]></system-err>
</testsuite>
